# JRE version: OpenJDK Runtime Environment Temurin-17.0.13+11 (17.0.13+11) (build 17.0.13+11)
# Java VM: OpenJDK 64-Bit Server VM Temurin-17.0.13+11 (17.0.13+11, mixed mode, tiered, compressed oops, compressed class ptrs, parallel gc, windows-amd64)
GC Precious Log:
 CPUs: 16 total, 16 available
 Memory: 16068M
 Large Page Support: Disabled
 NUMA Support: Disabled
 Compressed Oops: Enabled (32-bit)
 Alignments: Space 512K, Generation 512K, Heap 2M
 Heap Min Capacity: 100M
 Heap Initial Capacity: 100M
 Heap Max Capacity: 1G
 Pre-touch: Disabled
 Parallel Workers: 13
Heap:
 PSYoungGen      total 19456K, used 19453K [0x00000000eab00000, 0x00000000ec580000, 0x0000000100000000)
  eden space 12288K, 100% used [0x00000000eab00000,0x00000000eb700000,0x00000000eb700000)
  from space 7168K, 99% used [0x00000000eb800000,0x00000000ebeff598,0x00000000ebf00000)
  to   space 5120K, 56% used [0x00000000ec080000,0x00000000ec355e00,0x00000000ec580000)
 ParOldGen       total 699392K, used 310479K [0x00000000c0000000, 0x00000000eab00000, 0x00000000eab00000)
  object space 699392K, 44% used [0x00000000c0000000,0x00000000d2f35c08,0x00000000eab00000)
 Metaspace       used 65962K, committed 66944K, reserved 1114112K
  class space    used 6713K, committed 7104K, reserved 1048576K
GC Heap History (20 events):
Event: 34.887 GC heap before
{Heap before GC invocations=597 (full 471):
 PSYoungGen      total 19456K, used 12287K [0x00000000eab00000, 0x00000000ec580000, 0x0000000100000000)
  eden space 12288K, 99% used [0x00000000eab00000,0x00000000eb6ffff8,0x00000000eb700000)
  from space 7168K, 0% used [0x00000000eb800000,0x00000000eb800000,0x00000000ebf00000)
  to   space 5120K, 0% used [0x00000000ec080000,0x00000000ec080000,0x00000000ec580000)
 ParOldGen       total 303616K, used 303356K [0x00000000c0000000, 0x00000000d2880000, 0x00000000eab00000)
  object space 303616K, 99% used [0x00000000c0000000,0x00000000d283f398,0x00000000d2880000)
 Metaspace       used 65842K, committed 66880K, reserved 1114112K
  class space    used 6705K, committed 7104K, reserved 1048576K
}
Event: 34.941 GC heap after
{Heap after GC invocations=597 (full 471):
 PSYoungGen      total 17408K, used 12287K [0x00000000eab00000, 0x00000000ec580000, 0x0000000100000000)
  eden space 12288K, 99% used [0x00000000eab00000,0x00000000eb6fffa8,0x00000000eb700000)
  from space 5120K, 0% used [0x00000000ec080000,0x00000000ec080000,0x00000000ec580000)
  to   space 7168K, 0% used [0x00000000eb800000,0x00000000eb800000,0x00000000ebf00000)
 ParOldGen       total 303616K, used 303356K [0x00000000c0000000, 0x00000000d2880000, 0x00000000eab00000)
  object space 303616K, 99% used [0x00000000c0000000,0x00000000d283f398,0x00000000d2880000)
 Metaspace       used 65842K, committed 66880K, reserved 1114112K
  class space    used 6705K, committed 7104K, reserved 1048576K
}
Event: 34.941 GC heap before
{Heap before GC invocations=598 (full 472):
 PSYoungGen      total 17408K, used 12288K [0x00000000eab00000, 0x00000000ec580000, 0x0000000100000000)
  eden space 12288K, 100% used [0x00000000eab00000,0x00000000eb700000,0x00000000eb700000)
  from space 5120K, 0% used [0x00000000ec080000,0x00000000ec080000,0x00000000ec580000)
  to   space 7168K, 0% used [0x00000000eb800000,0x00000000eb800000,0x00000000ebf00000)
 ParOldGen       total 303616K, used 303356K [0x00000000c0000000, 0x00000000d2880000, 0x00000000eab00000)
  object space 303616K, 99% used [0x00000000c0000000,0x00000000d283f398,0x00000000d2880000)
 Metaspace       used 65842K, committed 66880K, reserved 1114112K
  class space    used 6705K, committed 7104K, reserved 1048576K
}
Event: 34.991 GC heap after
{Heap after GC invocations=598 (full 472):
 PSYoungGen      total 19456K, used 12288K [0x00000000eab00000, 0x00000000ec580000, 0x0000000100000000)
  eden space 12288K, 100% used [0x00000000eab00000,0x00000000eb700000,0x00000000eb700000)
  from space 7168K, 0% used [0x00000000eb800000,0x00000000eb800000,0x00000000ebf00000)
  to   space 5120K, 0% used [0x00000000ec080000,0x00000000ec080000,0x00000000ec580000)
 ParOldGen       total 303616K, used 303356K [0x00000000c0000000, 0x00000000d2880000, 0x00000000eab00000)
  object space 303616K, 99% used [0x00000000c0000000,0x00000000d283f398,0x00000000d2880000)
 Metaspace       used 65842K, committed 66880K, reserved 1114112K
  class space    used 6705K, committed 7104K, reserved 1048576K
}
Event: 34.992 GC heap before
{Heap before GC invocations=599 (full 473):
 PSYoungGen      total 19456K, used 12288K [0x00000000eab00000, 0x00000000ec580000, 0x0000000100000000)
  eden space 12288K, 100% used [0x00000000eab00000,0x00000000eb700000,0x00000000eb700000)
  from space 7168K, 0% used [0x00000000eb800000,0x00000000eb800000,0x00000000ebf00000)
  to   space 5120K, 0% used [0x00000000ec080000,0x00000000ec080000,0x00000000ec580000)
 ParOldGen       total 303616K, used 303367K [0x00000000c0000000, 0x00000000d2880000, 0x00000000eab00000)
  object space 303616K, 99% used [0x00000000c0000000,0x00000000d2841d88,0x00000000d2880000)
 Metaspace       used 65842K, committed 66880K, reserved 1114112K
  class space    used 6705K, committed 7104K, reserved 1048576K
}
Event: 35.047 GC heap after
{Heap after GC invocations=599 (full 473):
 PSYoungGen      total 17408K, used 12287K [0x00000000eab00000, 0x00000000ec580000, 0x0000000100000000)
  eden space 12288K, 99% used [0x00000000eab00000,0x00000000eb6fff38,0x00000000eb700000)
  from space 5120K, 0% used [0x00000000ec080000,0x00000000ec080000,0x00000000ec580000)
  to   space 7168K, 0% used [0x00000000eb800000,0x00000000eb800000,0x00000000ebf00000)
 ParOldGen       total 303616K, used 303366K [0x00000000c0000000, 0x00000000d2880000, 0x00000000eab00000)
  object space 303616K, 99% used [0x00000000c0000000,0x00000000d2841a40,0x00000000d2880000)
 Metaspace       used 65842K, committed 66880K, reserved 1114112K
  class space    used 6705K, committed 7104K, reserved 1048576K
}
Event: 35.048 GC heap before
{Heap before GC invocations=600 (full 474):
 PSYoungGen      total 17408K, used 12288K [0x00000000eab00000, 0x00000000ec580000, 0x0000000100000000)
  eden space 12288K, 100% used [0x00000000eab00000,0x00000000eb700000,0x00000000eb700000)
  from space 5120K, 0% used [0x00000000ec080000,0x00000000ec080000,0x00000000ec580000)
  to   space 7168K, 0% used [0x00000000eb800000,0x00000000eb800000,0x00000000ebf00000)
 ParOldGen       total 303616K, used 303366K [0x00000000c0000000, 0x00000000d2880000, 0x00000000eab00000)
  object space 303616K, 99% used [0x00000000c0000000,0x00000000d2841a40,0x00000000d2880000)
 Metaspace       used 65842K, committed 66880K, reserved 1114112K
  class space    used 6705K, committed 7104K, reserved 1048576K
}
Event: 35.105 GC heap after
{Heap after GC invocations=600 (full 474):
 PSYoungGen      total 19456K, used 12287K [0x00000000eab00000, 0x00000000ec580000, 0x0000000100000000)
  eden space 12288K, 99% used [0x00000000eab00000,0x00000000eb6fffe8,0x00000000eb700000)
  from space 7168K, 0% used [0x00000000eb800000,0x00000000eb800000,0x00000000ebf00000)
  to   space 5120K, 0% used [0x00000000ec080000,0x00000000ec080000,0x00000000ec580000)
 ParOldGen       total 303616K, used 303366K [0x00000000c0000000, 0x00000000d2880000, 0x00000000eab00000)
  object space 303616K, 99% used [0x00000000c0000000,0x00000000d2841a40,0x00000000d2880000)
 Metaspace       used 65842K, committed 66880K, reserved 1114112K
  class space    used 6705K, committed 7104K, reserved 1048576K
}
Event: 35.105 GC heap before
{Heap before GC invocations=601 (full 475):
 PSYoungGen      total 19456K, used 12288K [0x00000000eab00000, 0x00000000ec580000, 0x0000000100000000)
  eden space 12288K, 100% used [0x00000000eab00000,0x00000000eb700000,0x00000000eb700000)
  from space 7168K, 0% used [0x00000000eb800000,0x00000000eb800000,0x00000000ebf00000)
  to   space 5120K, 0% used [0x00000000ec080000,0x00000000ec080000,0x00000000ec580000)
 ParOldGen       total 303616K, used 303366K [0x00000000c0000000, 0x00000000d2880000, 0x00000000eab00000)
  object space 303616K, 99% used [0x00000000c0000000,0x00000000d2841a40,0x00000000d2880000)
 Metaspace       used 65842K, committed 66880K, reserved 1114112K
  class space    used 6705K, committed 7104K, reserved 1048576K
}
Event: 35.156 GC heap after
{Heap after GC invocations=601 (full 475):
 PSYoungGen      total 17408K, used 12288K [0x00000000eab00000, 0x00000000ec580000, 0x0000000100000000)
  eden space 12288K, 100% used [0x00000000eab00000,0x00000000eb700000,0x00000000eb700000)
  from space 5120K, 0% used [0x00000000ec080000,0x00000000ec080000,0x00000000ec580000)
  to   space 7168K, 0% used [0x00000000eb800000,0x00000000eb800000,0x00000000ebf00000)
 ParOldGen       total 303616K, used 303366K [0x00000000c0000000, 0x00000000d2880000, 0x00000000eab00000)
  object space 303616K, 99% used [0x00000000c0000000,0x00000000d2841a40,0x00000000d2880000)
 Metaspace       used 65842K, committed 66880K, reserved 1114112K
  class space    used 6705K, committed 7104K, reserved 1048576K
}
Event: 35.156 GC heap before
{Heap before GC invocations=602 (full 476):
 PSYoungGen      total 17408K, used 12288K [0x00000000eab00000, 0x00000000ec580000, 0x0000000100000000)
  eden space 12288K, 100% used [0x00000000eab00000,0x00000000eb700000,0x00000000eb700000)
  from space 5120K, 0% used [0x00000000ec080000,0x00000000ec080000,0x00000000ec580000)
  to   space 7168K, 0% used [0x00000000eb800000,0x00000000eb800000,0x00000000ebf00000)
 ParOldGen       total 303616K, used 303370K [0x00000000c0000000, 0x00000000d2880000, 0x00000000eab00000)
  object space 303616K, 99% used [0x00000000c0000000,0x00000000d2842978,0x00000000d2880000)
 Metaspace       used 65842K, committed 66880K, reserved 1114112K
  class space    used 6705K, committed 7104K, reserved 1048576K
}
Event: 35.219 GC heap after
{Heap after GC invocations=602 (full 476):
 PSYoungGen      total 19456K, used 12287K [0x00000000eab00000, 0x00000000ec580000, 0x0000000100000000)
  eden space 12288K, 99% used [0x00000000eab00000,0x00000000eb6ffdf0,0x00000000eb700000)
  from space 7168K, 0% used [0x00000000eb800000,0x00000000eb800000,0x00000000ebf00000)
  to   space 5120K, 0% used [0x00000000ec080000,0x00000000ec080000,0x00000000ec580000)
 ParOldGen       total 303616K, used 303368K [0x00000000c0000000, 0x00000000d2880000, 0x00000000eab00000)
  object space 303616K, 99% used [0x00000000c0000000,0x00000000d28423b0,0x00000000d2880000)
 Metaspace       used 65842K, committed 66880K, reserved 1114112K
  class space    used 6705K, committed 7104K, reserved 1048576K
}
Event: 35.219 GC heap before
{Heap before GC invocations=603 (full 477):
 PSYoungGen      total 19456K, used 12288K [0x00000000eab00000, 0x00000000ec580000, 0x0000000100000000)
  eden space 12288K, 100% used [0x00000000eab00000,0x00000000eb700000,0x00000000eb700000)
  from space 7168K, 0% used [0x00000000eb800000,0x00000000eb800000,0x00000000ebf00000)
  to   space 5120K, 0% used [0x00000000ec080000,0x00000000ec080000,0x00000000ec580000)
 ParOldGen       total 303616K, used 303368K [0x00000000c0000000, 0x00000000d2880000, 0x00000000eab00000)
  object space 303616K, 99% used [0x00000000c0000000,0x00000000d28423b0,0x00000000d2880000)
 Metaspace       used 65842K, committed 66880K, reserved 1114112K
  class space    used 6705K, committed 7104K, reserved 1048576K
}
Event: 35.270 GC heap after
{Heap after GC invocations=603 (full 477):
 PSYoungGen      total 17408K, used 12287K [0x00000000eab00000, 0x00000000ec580000, 0x0000000100000000)
  eden space 12288K, 99% used [0x00000000eab00000,0x00000000eb6fff98,0x00000000eb700000)
  from space 5120K, 0% used [0x00000000ec080000,0x00000000ec080000,0x00000000ec580000)
  to   space 7168K, 0% used [0x00000000eb800000,0x00000000eb800000,0x00000000ebf00000)
 ParOldGen       total 303616K, used 303368K [0x00000000c0000000, 0x00000000d2880000, 0x00000000eab00000)
  object space 303616K, 99% used [0x00000000c0000000,0x00000000d28423b0,0x00000000d2880000)
 Metaspace       used 65842K, committed 66880K, reserved 1114112K
  class space    used 6705K, committed 7104K, reserved 1048576K
}
Event: 35.270 GC heap before
{Heap before GC invocations=604 (full 478):
 PSYoungGen      total 17408K, used 12287K [0x00000000eab00000, 0x00000000ec580000, 0x0000000100000000)
  eden space 12288K, 99% used [0x00000000eab00000,0x00000000eb6ffff0,0x00000000eb700000)
  from space 5120K, 0% used [0x00000000ec080000,0x00000000ec080000,0x00000000ec580000)
  to   space 7168K, 0% used [0x00000000eb800000,0x00000000eb800000,0x00000000ebf00000)
 ParOldGen       total 303616K, used 303368K [0x00000000c0000000, 0x00000000d2880000, 0x00000000eab00000)
  object space 303616K, 99% used [0x00000000c0000000,0x00000000d28423b0,0x00000000d2880000)
 Metaspace       used 65842K, committed 66880K, reserved 1114112K
  class space    used 6705K, committed 7104K, reserved 1048576K
}
Event: 35.323 GC heap after
{Heap after GC invocations=604 (full 478):
 PSYoungGen      total 19456K, used 12287K [0x00000000eab00000, 0x00000000ec580000, 0x0000000100000000)
  eden space 12288K, 99% used [0x00000000eab00000,0x00000000eb6fffa0,0x00000000eb700000)
  from space 7168K, 0% used [0x00000000eb800000,0x00000000eb800000,0x00000000ebf00000)
  to   space 5120K, 0% used [0x00000000ec080000,0x00000000ec080000,0x00000000ec580000)
 ParOldGen       total 303616K, used 303368K [0x00000000c0000000, 0x00000000d2880000, 0x00000000eab00000)
  object space 303616K, 99% used [0x00000000c0000000,0x00000000d28423b0,0x00000000d2880000)
 Metaspace       used 65842K, committed 66880K, reserved 1114112K
  class space    used 6705K, committed 7104K, reserved 1048576K
}
Event: 35.323 GC heap before
{Heap before GC invocations=605 (full 479):
 PSYoungGen      total 19456K, used 12288K [0x00000000eab00000, 0x00000000ec580000, 0x0000000100000000)
  eden space 12288K, 100% used [0x00000000eab00000,0x00000000eb700000,0x00000000eb700000)
  from space 7168K, 0% used [0x00000000eb800000,0x00000000eb800000,0x00000000ebf00000)
  to   space 5120K, 0% used [0x00000000ec080000,0x00000000ec080000,0x00000000ec580000)
 ParOldGen       total 303616K, used 303368K [0x00000000c0000000, 0x00000000d2880000, 0x00000000eab00000)
  object space 303616K, 99% used [0x00000000c0000000,0x00000000d28423b0,0x00000000d2880000)
 Metaspace       used 65842K, committed 66880K, reserved 1114112K
  class space    used 6705K, committed 7104K, reserved 1048576K
}
Event: 35.374 GC heap after
{Heap after GC invocations=605 (full 479):
 PSYoungGen      total 17408K, used 12287K [0x00000000eab00000, 0x00000000ec580000, 0x0000000100000000)
  eden space 12288K, 99% used [0x00000000eab00000,0x00000000eb6fffe8,0x00000000eb700000)
  from space 5120K, 0% used [0x00000000ec080000,0x00000000ec080000,0x00000000ec580000)
  to   space 7168K, 0% used [0x00000000eb800000,0x00000000eb800000,0x00000000ebf00000)
 ParOldGen       total 699392K, used 303368K [0x00000000c0000000, 0x00000000eab00000, 0x00000000eab00000)
  object space 699392K, 43% used [0x00000000c0000000,0x00000000d28421f8,0x00000000eab00000)
 Metaspace       used 65842K, committed 66880K, reserved 1114112K
  class space    used 6705K, committed 7104K, reserved 1048576K
}
Event: 35.374 GC heap before
{Heap before GC invocations=606 (full 479):
 PSYoungGen      total 17408K, used 12288K [0x00000000eab00000, 0x00000000ec580000, 0x0000000100000000)
  eden space 12288K, 100% used [0x00000000eab00000,0x00000000eb700000,0x00000000eb700000)
  from space 5120K, 0% used [0x00000000ec080000,0x00000000ec080000,0x00000000ec580000)
  to   space 7168K, 0% used [0x00000000eb800000,0x00000000eb800000,0x00000000ebf00000)
 ParOldGen       total 699392K, used 303370K [0x00000000c0000000, 0x00000000eab00000, 0x00000000eab00000)
  object space 699392K, 43% used [0x00000000c0000000,0x00000000d2842b50,0x00000000eab00000)
 Metaspace       used 65842K, committed 66880K, reserved 1114112K
  class space    used 6705K, committed 7104K, reserved 1048576K
}
Event: 35.383 GC heap after
{Heap after GC invocations=606 (full 479):
 PSYoungGen      total 19456K, used 7165K [0x00000000eab00000, 0x00000000ec580000, 0x0000000100000000)
  eden space 12288K, 0% used [0x00000000eab00000,0x00000000eab00000,0x00000000eb700000)
  from space 7168K, 99% used [0x00000000eb800000,0x00000000ebeff598,0x00000000ebf00000)
  to   space 5120K, 0% used [0x00000000ec080000,0x00000000ec080000,0x00000000ec580000)
 ParOldGen       total 699392K, used 308689K [0x00000000c0000000, 0x00000000eab00000, 0x00000000eab00000)
  object space 699392K, 44% used [0x00000000c0000000,0x00000000d2d74618,0x00000000eab00000)
 Metaspace       used 65842K, committed 66880K, reserved 1114112K
  class space    used 6705K, committed 7104K, reserved 1048576K
}

